2025-07-09 18:50:00 | INFO | repo=2017-course-sys-int-activemq-seminar | action=commit
2025-05-08 10:16:00 | DEBUG | repo=2017-course-sys-int-activemq-seminar | action=commit
2025-09-19 17:25:00 | INFO | repo=2017-course-sys-int-activemq-seminar | action=commit
2025-05-23 19:45:00 | WARN | repo=2017-course-sys-int-activemq-seminar | action=commit
2025-10-23 21:08:00 | DEBUG | repo=2017-course-sys-int-activemq-seminar | action=commit
2025-08-13 16:11:00 | INFO | repo=2017-course-sys-int-activemq-seminar | action=commit
2025-02-06 10:48:00 | WARN | repo=2017-course-sys-int-activemq-seminar | action=commit
2025-04-12 16:07:00 | INFO | repo=2017-course-sys-int-activemq-seminar | action=commit
2025-02-23 08:19:00 | WARN | repo=2017-course-sys-int-activemq-seminar | action=commit
2025-02-08 21:43:00 | WARN | repo=2017-course-sys-int-activemq-seminar | action=commit
2025-11-19 13:18:00 | INFO | repo=2017-course-sys-int-activemq-seminar | action=commit
2025-04-15 15:42:00 | WARN | repo=2017-course-sys-int-activemq-seminar | action=pull
2025-08-03 08:17:00 | DEBUG | repo=2017-course-sys-int-activemq-seminar | action=commit
2025-03-11 16:35:00 | DEBUG | repo=2017-course-sys-int-activemq-seminar | action=edit | files=3
2025-08-09 19:39:00 | DEBUG | repo=2017-course-sys-int-activemq-seminar | action=commit
2025-08-25 08:52:00 | INFO | repo=2017-course-sys-int-activemq-seminar | action=pull
2025-04-07 11:06:00 | DEBUG | repo=2017-course-sys-int-activemq-seminar | action=commit
2025-05-17 21:35:00 | WARN | repo=2017-course-sys-int-activemq-seminar | action=commit
2025-04-10 20:10:00 | DEBUG | repo=2017-course-sys-int-activemq-seminar | action=test | passed=true
2025-09-25 21:54:00 | INFO | repo=2017-course-sys-int-activemq-seminar | action=pull
2025-10-04 16:06:00 | INFO | repo=2017-course-sys-int-activemq-seminar | action=edit | files=5
2025-01-22 08:54:00 | INFO | repo=2017-course-sys-int-activemq-seminar | action=commit
2025-06-07 18:14:00 | INFO | repo=2017-course-sys-int-activemq-seminar | action=commit
2025-01-07 17:09:00 | INFO | repo=2017-course-sys-int-activemq-seminar | action=commit
2025-03-16 19:12:00 | DEBUG | repo=2017-course-sys-int-activemq-seminar | action=commit
2025-06-06 11:10:00 | DEBUG | repo=2017-course-sys-int-activemq-seminar | action=commit
2025-03-07 18:11:00 | WARN | repo=2017-course-sys-int-activemq-seminar | action=test | passed=true
2025-07-16 14:36:00 | DEBUG | repo=2017-course-sys-int-activemq-seminar | action=commit
2025-03-19 19:04:00 | DEBUG | repo=2017-course-sys-int-activemq-seminar | action=commit
2025-06-25 21:45:00 | INFO | repo=2017-course-sys-int-activemq-seminar | action=commit
2025-09-06 19:19:00 | DEBUG | repo=2017-course-sys-int-activemq-seminar | action=commit
2025-11-26 08:56:00 | WARN | repo=2017-course-sys-int-activemq-seminar | action=commit
2025-04-09 20:51:00 | DEBUG | repo=2017-course-sys-int-activemq-seminar | action=commit
2025-08-26 13:04:00 | INFO | repo=2017-course-sys-int-activemq-seminar | action=commit
2025-03-21 17:31:00 | DEBUG | repo=2017-course-sys-int-activemq-seminar | action=commit
2025-06-08 18:40:00 | INFO | repo=2017-course-sys-int-activemq-seminar | action=commit
2025-04-14 20:40:00 | DEBUG | repo=2017-course-sys-int-activemq-seminar | action=commit
2025-11-03 21:04:00 | DEBUG | repo=2017-course-sys-int-activemq-seminar | action=commit
2025-03-07 18:20:00 | DEBUG | repo=2017-course-sys-int-activemq-seminar | action=commit
2025-04-23 16:32:00 | WARN | repo=2017-course-sys-int-activemq-seminar | action=commit
2025-11-17 07:18:00 | DEBUG | repo=2017-course-sys-int-activemq-seminar | action=test | passed=true
2025-05-22 15:22:00 | DEBUG | repo=2017-course-sys-int-activemq-seminar | action=commit
2025-07-07 15:32:00 | WARN | repo=2017-course-sys-int-activemq-seminar | action=commit
2025-04-11 09:57:00 | INFO | repo=2017-course-sys-int-activemq-seminar | action=edit | files=2
2025-11-08 18:30:00 | WARN | repo=2017-course-sys-int-activemq-seminar | action=commit
2025-02-25 17:33:00 | WARN | repo=2017-course-sys-int-activemq-seminar | action=commit
2025-06-25 11:47:00 | WARN | repo=2017-course-sys-int-activemq-seminar | action=commit
2025-03-15 14:36:00 | DEBUG | repo=2017-course-sys-int-activemq-seminar | action=commit
2025-02-25 12:14:00 | INFO | repo=2017-course-sys-int-activemq-seminar | action=commit
2025-12-07 21:05:00 | DEBUG | repo=2017-course-sys-int-activemq-seminar | action=edit | files=4
2025-02-17 19:06:00 | WARN | repo=2017-course-sys-int-activemq-seminar | action=commit
2025-06-01 08:15:00 | WARN | repo=2017-course-sys-int-activemq-seminar | action=commit
